<?xml version="1.0" encoding="UTF-8"?>
<!-- Generated by org.testng.reporters.JUnitReportReporter -->
<testsuite hostname="LAPTOP-HA8083HS" failures="0" tests="2" name="com.Ecommerce.TestCases.ECommerceTest" time="42.014" errors="0" timestamp="2024-10-23T15:54:16 IST" skipped="0">
  <testcase classname="com.Ecommerce.TestCases.ECommerceTest" name="searchAndAddProductToCart" time="20.996"/>
  <system-out/>
  <testcase classname="com.Ecommerce.TestCases.ECommerceTest" name="searchAndAddProductToCart" time="21.018"/>
  <system-out/>
</testsuite> <!-- com.Ecommerce.TestCases.ECommerceTest -->
